2022-06-06 08:26:26.900  INFO 17857 --- [restartedMain] c.example.alfabank.AlfabankApplication   : Starting AlfabankApplication using Java 14.0.2 on kustoff-pc with PID 17857 (/home/kustoff/projects/alfabank/build/classes/java/main started by kustoff in /home/kustoff/projects/alfabank)
2022-06-06 08:26:26.915  INFO 17857 --- [restartedMain] c.example.alfabank.AlfabankApplication   : No active profile set, falling back to 1 default profile: "default"
2022-06-06 08:26:27.138  INFO 17857 --- [restartedMain] .e.DevToolsPropertyDefaultsPostProcessor : Devtools property defaults active! Set 'spring.devtools.add-properties' to 'false' to disable
2022-06-06 08:26:27.139  INFO 17857 --- [restartedMain] .e.DevToolsPropertyDefaultsPostProcessor : For additional web related logging consider setting the 'logging.level.web' property to 'DEBUG'
2022-06-06 08:26:28.129  INFO 17857 --- [restartedMain] o.s.cloud.context.scope.GenericScope     : BeanFactory id=7780d0e1-440b-382e-9730-28e581d59ff3
2022-06-06 08:26:30.521  INFO 17857 --- [restartedMain] o.s.b.w.embedded.tomcat.TomcatWebServer  : Tomcat initialized with port(s): 8080 (http)
2022-06-06 08:26:30.527  INFO 17857 --- [restartedMain] o.apache.catalina.core.StandardService   : Starting service [Tomcat]
2022-06-06 08:26:30.527  INFO 17857 --- [restartedMain] org.apache.catalina.core.StandardEngine  : Starting Servlet engine: [Apache Tomcat/9.0.63]
2022-06-06 08:26:30.602  INFO 17857 --- [restartedMain] o.a.c.c.C.[Tomcat].[localhost].[/]       : Initializing Spring embedded WebApplicationContext
2022-06-06 08:26:30.603  INFO 17857 --- [restartedMain] w.s.c.ServletWebServerApplicationContext : Root WebApplicationContext: initialization completed in 3464 ms
2022-06-06 08:26:30.897  INFO 17857 --- [restartedMain] o.s.b.d.a.OptionalLiveReloadServer       : LiveReload server is running on port 35729
2022-06-06 08:26:31.419  INFO 17857 --- [restartedMain] o.s.b.w.embedded.tomcat.TomcatWebServer  : Tomcat started on port(s): 8080 (http) with context path ''
2022-06-06 08:26:31.431  INFO 17857 --- [restartedMain] c.example.alfabank.AlfabankApplication   : Started AlfabankApplication in 5.434 seconds (JVM running for 16.3)
2022-06-06 08:26:41.295  INFO 17857 --- [http-nio-8080-exec-1] o.a.c.c.C.[Tomcat].[localhost].[/]       : Initializing Spring DispatcherServlet 'dispatcherServlet'
2022-06-06 08:26:53.265  WARN 17857 --- [http-nio-8080-exec-3] c.e.alfabank.service.AnalysisService     : AnalysisService.showCorrespondingGif() validCurrencyCode(currencyCode) returned false. Actual value: currencyCode='eee'
2022-06-06 08:41:01.894  INFO 21587 --- [restartedMain] c.example.alfabank.AlfabankApplication   : Starting AlfabankApplication using Java 14.0.2 on kustoff-pc with PID 21587 (/home/kustoff/projects/alfabank/build/classes/java/main started by kustoff in /home/kustoff/projects/alfabank)
2022-06-06 08:41:01.895  INFO 21587 --- [restartedMain] c.example.alfabank.AlfabankApplication   : No active profile set, falling back to 1 default profile: "default"
2022-06-06 08:41:01.981  INFO 21587 --- [restartedMain] .e.DevToolsPropertyDefaultsPostProcessor : Devtools property defaults active! Set 'spring.devtools.add-properties' to 'false' to disable
2022-06-06 08:41:01.981  INFO 21587 --- [restartedMain] .e.DevToolsPropertyDefaultsPostProcessor : For additional web related logging consider setting the 'logging.level.web' property to 'DEBUG'
2022-06-06 08:41:02.884  INFO 21587 --- [restartedMain] o.s.cloud.context.scope.GenericScope     : BeanFactory id=7780d0e1-440b-382e-9730-28e581d59ff3
2022-06-06 08:41:03.660  INFO 21587 --- [restartedMain] o.s.b.w.embedded.tomcat.TomcatWebServer  : Tomcat initialized with port(s): 8080 (http)
2022-06-06 08:41:03.696  INFO 21587 --- [restartedMain] o.apache.catalina.core.StandardService   : Starting service [Tomcat]
2022-06-06 08:41:03.696  INFO 21587 --- [restartedMain] org.apache.catalina.core.StandardEngine  : Starting Servlet engine: [Apache Tomcat/9.0.63]
2022-06-06 08:41:03.781  INFO 21587 --- [restartedMain] o.a.c.c.C.[Tomcat].[localhost].[/]       : Initializing Spring embedded WebApplicationContext
2022-06-06 08:41:03.781  INFO 21587 --- [restartedMain] w.s.c.ServletWebServerApplicationContext : Root WebApplicationContext: initialization completed in 1799 ms
2022-06-06 08:41:04.121  INFO 21587 --- [restartedMain] o.s.b.d.a.OptionalLiveReloadServer       : LiveReload server is running on port 35729
2022-06-06 08:41:04.653  INFO 21587 --- [restartedMain] o.s.b.w.embedded.tomcat.TomcatWebServer  : Tomcat started on port(s): 8080 (http) with context path ''
2022-06-06 08:41:04.664  INFO 21587 --- [restartedMain] c.example.alfabank.AlfabankApplication   : Started AlfabankApplication in 3.806 seconds (JVM running for 5.851)
2022-06-06 08:41:07.874  INFO 21587 --- [http-nio-8080-exec-1] o.a.c.c.C.[Tomcat].[localhost].[/]       : Initializing Spring DispatcherServlet 'dispatcherServlet'
2022-06-06 08:41:09.143  WARN 21587 --- [http-nio-8080-exec-1] c.e.alfabank.service.AnalysisService     : AnalysisService.showCorrespondingGif() validCurrencyCode(currencyCode) returned false. Actual value: currencyCode='eee', anchor='5be889d6-d90e-4531-88f9-26a5348ec253'
2022-06-06 08:41:31.714  INFO 21776 --- [restartedMain] c.example.alfabank.AlfabankApplication   : Starting AlfabankApplication using Java 14.0.2 on kustoff-pc with PID 21776 (/home/kustoff/projects/alfabank/build/classes/java/main started by kustoff in /home/kustoff/projects/alfabank)
2022-06-06 08:41:31.716  INFO 21776 --- [restartedMain] c.example.alfabank.AlfabankApplication   : No active profile set, falling back to 1 default profile: "default"
2022-06-06 08:41:31.757  INFO 21776 --- [restartedMain] .e.DevToolsPropertyDefaultsPostProcessor : Devtools property defaults active! Set 'spring.devtools.add-properties' to 'false' to disable
2022-06-06 08:41:31.757  INFO 21776 --- [restartedMain] .e.DevToolsPropertyDefaultsPostProcessor : For additional web related logging consider setting the 'logging.level.web' property to 'DEBUG'
2022-06-06 08:41:32.307  INFO 21776 --- [restartedMain] o.s.cloud.context.scope.GenericScope     : BeanFactory id=7780d0e1-440b-382e-9730-28e581d59ff3
2022-06-06 08:41:32.715  INFO 21776 --- [restartedMain] o.s.b.w.embedded.tomcat.TomcatWebServer  : Tomcat initialized with port(s): 8080 (http)
2022-06-06 08:41:32.722  INFO 21776 --- [restartedMain] o.apache.catalina.core.StandardService   : Starting service [Tomcat]
2022-06-06 08:41:32.722  INFO 21776 --- [restartedMain] org.apache.catalina.core.StandardEngine  : Starting Servlet engine: [Apache Tomcat/9.0.63]
2022-06-06 08:41:32.773  INFO 21776 --- [restartedMain] o.a.c.c.C.[Tomcat].[localhost].[/]       : Initializing Spring embedded WebApplicationContext
2022-06-06 08:41:32.773  INFO 21776 --- [restartedMain] w.s.c.ServletWebServerApplicationContext : Root WebApplicationContext: initialization completed in 1015 ms
2022-06-06 08:41:32.914  INFO 21776 --- [restartedMain] o.s.b.d.a.OptionalLiveReloadServer       : LiveReload server is running on port 35729
2022-06-06 08:41:33.213  INFO 21776 --- [restartedMain] o.s.b.w.embedded.tomcat.TomcatWebServer  : Tomcat started on port(s): 8080 (http) with context path ''
2022-06-06 08:41:33.224  INFO 21776 --- [restartedMain] c.example.alfabank.AlfabankApplication   : Started AlfabankApplication in 1.917 seconds (JVM running for 2.495)
2022-06-06 08:41:37.430  INFO 21776 --- [http-nio-8080-exec-1] o.a.c.c.C.[Tomcat].[localhost].[/]       : Initializing Spring DispatcherServlet 'dispatcherServlet'
2022-06-06 08:41:38.246  WARN 21776 --- [http-nio-8080-exec-1] c.e.alfabank.service.AnalysisService     : AnalysisService.showCorrespondingGif() validCurrencyCode(currencyCode) returned false. Actual value: currencyCode='eee', anchor='8c875cb3-cd04-4f24-b886-94f899bfd9ea'
2022-06-06 08:57:10.462  INFO 23621 --- [restartedMain] c.example.alfabank.AlfabankApplication   : Starting AlfabankApplication using Java 14.0.2 on kustoff-pc with PID 23621 (/home/kustoff/projects/alfabank/build/classes/java/main started by kustoff in /home/kustoff/projects/alfabank)
2022-06-06 08:57:10.464  INFO 23621 --- [restartedMain] c.example.alfabank.AlfabankApplication   : No active profile set, falling back to 1 default profile: "default"
2022-06-06 08:57:10.509  INFO 23621 --- [restartedMain] .e.DevToolsPropertyDefaultsPostProcessor : Devtools property defaults active! Set 'spring.devtools.add-properties' to 'false' to disable
2022-06-06 08:57:10.510  INFO 23621 --- [restartedMain] .e.DevToolsPropertyDefaultsPostProcessor : For additional web related logging consider setting the 'logging.level.web' property to 'DEBUG'
2022-06-06 08:57:11.070  INFO 23621 --- [restartedMain] o.s.cloud.context.scope.GenericScope     : BeanFactory id=7780d0e1-440b-382e-9730-28e581d59ff3
2022-06-06 08:57:11.490  INFO 23621 --- [restartedMain] o.s.b.w.embedded.tomcat.TomcatWebServer  : Tomcat initialized with port(s): 8080 (http)
2022-06-06 08:57:11.496  INFO 23621 --- [restartedMain] o.apache.catalina.core.StandardService   : Starting service [Tomcat]
2022-06-06 08:57:11.496  INFO 23621 --- [restartedMain] org.apache.catalina.core.StandardEngine  : Starting Servlet engine: [Apache Tomcat/9.0.63]
2022-06-06 08:57:11.548  INFO 23621 --- [restartedMain] o.a.c.c.C.[Tomcat].[localhost].[/]       : Initializing Spring embedded WebApplicationContext
2022-06-06 08:57:11.549  INFO 23621 --- [restartedMain] w.s.c.ServletWebServerApplicationContext : Root WebApplicationContext: initialization completed in 1038 ms
2022-06-06 08:57:11.688  INFO 23621 --- [restartedMain] o.s.b.d.a.OptionalLiveReloadServer       : LiveReload server is running on port 35729
2022-06-06 08:57:12.005  INFO 23621 --- [restartedMain] o.s.b.w.embedded.tomcat.TomcatWebServer  : Tomcat started on port(s): 8080 (http) with context path ''
2022-06-06 08:57:12.016  INFO 23621 --- [restartedMain] c.example.alfabank.AlfabankApplication   : Started AlfabankApplication in 1.867 seconds (JVM running for 2.44)
2022-06-06 08:57:20.660  INFO 23621 --- [http-nio-8080-exec-1] o.a.c.c.C.[Tomcat].[localhost].[/]       : Initializing Spring DispatcherServlet 'dispatcherServlet'
2022-06-06 08:57:21.496  WARN 23621 --- [http-nio-8080-exec-1] c.e.alfabank.service.AnalysisService     : AnalysisService.showCorrespondingGif() validCurrencyCode(currencyCode) returned false. Actual values: currencyCode='eee', anchor='ec1a546e-9ef0-4ed5-931d-edafcab1608f'
2022-06-06 09:05:54.982  INFO 25947 --- [restartedMain] c.example.alfabank.AlfabankApplication   : Starting AlfabankApplication using Java 14.0.2 on kustoff-pc with PID 25947 (/home/kustoff/projects/alfabank/build/classes/java/main started by kustoff in /home/kustoff/projects/alfabank)
2022-06-06 09:05:54.984  INFO 25947 --- [restartedMain] c.example.alfabank.AlfabankApplication   : No active profile set, falling back to 1 default profile: "default"
2022-06-06 09:05:55.029  INFO 25947 --- [restartedMain] .e.DevToolsPropertyDefaultsPostProcessor : Devtools property defaults active! Set 'spring.devtools.add-properties' to 'false' to disable
2022-06-06 09:05:55.029  INFO 25947 --- [restartedMain] .e.DevToolsPropertyDefaultsPostProcessor : For additional web related logging consider setting the 'logging.level.web' property to 'DEBUG'
2022-06-06 09:05:55.573  INFO 25947 --- [restartedMain] o.s.cloud.context.scope.GenericScope     : BeanFactory id=7780d0e1-440b-382e-9730-28e581d59ff3
2022-06-06 09:05:55.977  INFO 25947 --- [restartedMain] o.s.b.w.embedded.tomcat.TomcatWebServer  : Tomcat initialized with port(s): 8080 (http)
2022-06-06 09:05:55.983  INFO 25947 --- [restartedMain] o.apache.catalina.core.StandardService   : Starting service [Tomcat]
2022-06-06 09:05:55.983  INFO 25947 --- [restartedMain] org.apache.catalina.core.StandardEngine  : Starting Servlet engine: [Apache Tomcat/9.0.63]
2022-06-06 09:05:56.034  INFO 25947 --- [restartedMain] o.a.c.c.C.[Tomcat].[localhost].[/]       : Initializing Spring embedded WebApplicationContext
2022-06-06 09:05:56.035  INFO 25947 --- [restartedMain] w.s.c.ServletWebServerApplicationContext : Root WebApplicationContext: initialization completed in 1004 ms
2022-06-06 09:05:56.170  INFO 25947 --- [restartedMain] o.s.b.d.a.OptionalLiveReloadServer       : LiveReload server is running on port 35729
2022-06-06 09:05:56.482  INFO 25947 --- [restartedMain] o.s.b.w.embedded.tomcat.TomcatWebServer  : Tomcat started on port(s): 8080 (http) with context path ''
2022-06-06 09:05:56.492  INFO 25947 --- [restartedMain] c.example.alfabank.AlfabankApplication   : Started AlfabankApplication in 1.8 seconds (JVM running for 2.447)
2022-06-06 09:05:59.438  INFO 25947 --- [http-nio-8080-exec-1] o.a.c.c.C.[Tomcat].[localhost].[/]       : Initializing Spring DispatcherServlet 'dispatcherServlet'
2022-06-06 09:06:00.288  WARN 25947 --- [http-nio-8080-exec-1] c.e.alfabank.service.AnalysisService     : AnalysisService.showCorrespondingGif() validCurrencyCode(currencyCode) returned false. Actual values: currencyCode='eee', anchor='64e87f65-074d-4f0a-b8d1-736167cd53ee'
2022-06-06 09:07:44.273  INFO 26238 --- [restartedMain] c.example.alfabank.AlfabankApplication   : Starting AlfabankApplication using Java 14.0.2 on kustoff-pc with PID 26238 (/home/kustoff/projects/alfabank/build/classes/java/main started by kustoff in /home/kustoff/projects/alfabank)
2022-06-06 09:07:44.274  INFO 26238 --- [restartedMain] c.example.alfabank.AlfabankApplication   : No active profile set, falling back to 1 default profile: "default"
2022-06-06 09:07:44.311  INFO 26238 --- [restartedMain] .e.DevToolsPropertyDefaultsPostProcessor : Devtools property defaults active! Set 'spring.devtools.add-properties' to 'false' to disable
2022-06-06 09:07:44.311  INFO 26238 --- [restartedMain] .e.DevToolsPropertyDefaultsPostProcessor : For additional web related logging consider setting the 'logging.level.web' property to 'DEBUG'
2022-06-06 09:07:44.796  INFO 26238 --- [restartedMain] o.s.cloud.context.scope.GenericScope     : BeanFactory id=7780d0e1-440b-382e-9730-28e581d59ff3
2022-06-06 09:07:45.195  INFO 26238 --- [restartedMain] o.s.b.w.embedded.tomcat.TomcatWebServer  : Tomcat initialized with port(s): 8080 (http)
2022-06-06 09:07:45.200  INFO 26238 --- [restartedMain] o.apache.catalina.core.StandardService   : Starting service [Tomcat]
2022-06-06 09:07:45.201  INFO 26238 --- [restartedMain] org.apache.catalina.core.StandardEngine  : Starting Servlet engine: [Apache Tomcat/9.0.63]
2022-06-06 09:07:45.260  INFO 26238 --- [restartedMain] o.a.c.c.C.[Tomcat].[localhost].[/]       : Initializing Spring embedded WebApplicationContext
2022-06-06 09:07:45.261  INFO 26238 --- [restartedMain] w.s.c.ServletWebServerApplicationContext : Root WebApplicationContext: initialization completed in 949 ms
2022-06-06 09:07:45.394  INFO 26238 --- [restartedMain] o.s.b.d.a.OptionalLiveReloadServer       : LiveReload server is running on port 35729
2022-06-06 09:07:45.713  INFO 26238 --- [restartedMain] o.s.b.w.embedded.tomcat.TomcatWebServer  : Tomcat started on port(s): 8080 (http) with context path ''
2022-06-06 09:07:45.724  INFO 26238 --- [restartedMain] c.example.alfabank.AlfabankApplication   : Started AlfabankApplication in 1.743 seconds (JVM running for 2.345)
2022-06-06 09:07:48.554  INFO 26238 --- [http-nio-8080-exec-1] o.a.c.c.C.[Tomcat].[localhost].[/]       : Initializing Spring DispatcherServlet 'dispatcherServlet'
2022-06-06 09:07:49.400  WARN 26238 --- [http-nio-8080-exec-1] c.e.alfabank.service.AnalysisService     : AnalysisService.showCorrespondingGif() validCurrencyCode(currencyCode) returned false. Actual values: currencyCode='eee', anchor='cfbad22c-4a67-417f-baa2-2d371152f6ea'
2022-06-06 10:19:25.586  INFO 40871 --- [restartedMain] c.example.alfabank.AlfabankApplication   : Starting AlfabankApplication using Java 14.0.2 on kustoff-pc with PID 40871 (/home/kustoff/projects/alfabank/build/classes/java/main started by kustoff in /home/kustoff/projects/alfabank)
2022-06-06 10:19:25.587  INFO 40871 --- [restartedMain] c.example.alfabank.AlfabankApplication   : No active profile set, falling back to 1 default profile: "default"
2022-06-06 10:19:25.656  INFO 40871 --- [restartedMain] .e.DevToolsPropertyDefaultsPostProcessor : Devtools property defaults active! Set 'spring.devtools.add-properties' to 'false' to disable
2022-06-06 10:19:25.656  INFO 40871 --- [restartedMain] .e.DevToolsPropertyDefaultsPostProcessor : For additional web related logging consider setting the 'logging.level.web' property to 'DEBUG'
2022-06-06 10:19:26.539  INFO 40871 --- [restartedMain] o.s.cloud.context.scope.GenericScope     : BeanFactory id=7780d0e1-440b-382e-9730-28e581d59ff3
2022-06-06 10:19:27.336  INFO 40871 --- [restartedMain] o.s.b.w.embedded.tomcat.TomcatWebServer  : Tomcat initialized with port(s): 8080 (http)
2022-06-06 10:19:27.342  INFO 40871 --- [restartedMain] o.apache.catalina.core.StandardService   : Starting service [Tomcat]
2022-06-06 10:19:27.342  INFO 40871 --- [restartedMain] org.apache.catalina.core.StandardEngine  : Starting Servlet engine: [Apache Tomcat/9.0.63]
2022-06-06 10:19:27.429  INFO 40871 --- [restartedMain] o.a.c.c.C.[Tomcat].[localhost].[/]       : Initializing Spring embedded WebApplicationContext
2022-06-06 10:19:27.429  INFO 40871 --- [restartedMain] w.s.c.ServletWebServerApplicationContext : Root WebApplicationContext: initialization completed in 1773 ms
2022-06-06 10:19:27.678  INFO 40871 --- [restartedMain] o.s.b.d.a.OptionalLiveReloadServer       : LiveReload server is running on port 35729
2022-06-06 10:19:28.195  INFO 40871 --- [restartedMain] o.s.b.w.embedded.tomcat.TomcatWebServer  : Tomcat started on port(s): 8080 (http) with context path ''
2022-06-06 10:19:28.208  INFO 40871 --- [restartedMain] c.example.alfabank.AlfabankApplication   : Started AlfabankApplication in 3.374 seconds (JVM running for 5.457)
2022-06-06 10:19:36.763  INFO 40871 --- [http-nio-8080-exec-1] o.a.c.c.C.[Tomcat].[localhost].[/]       : Initializing Spring DispatcherServlet 'dispatcherServlet'
2022-06-06 10:19:37.950  WARN 40871 --- [http-nio-8080-exec-1] c.e.alfabank.service.AnalysisService     : AnalysisService.showCorrespondingGif() validCurrencyCode(currencyCode) returned false. Actual values: currencyCode='eee', anchor='cd3c6189-5053-4fa6-8660-d51c304dbc4e'
2022-06-06 10:22:28.268  INFO 40871 --- [restartedMain] c.example.alfabank.AlfabankApplication   : Starting AlfabankApplication using Java 14.0.2 on kustoff-pc with PID 40871 (/home/kustoff/projects/alfabank/build/classes/java/main started by kustoff in /home/kustoff/projects/alfabank)
2022-06-06 10:22:28.269  INFO 40871 --- [restartedMain] c.example.alfabank.AlfabankApplication   : No active profile set, falling back to 1 default profile: "default"
2022-06-06 10:22:28.515  INFO 40871 --- [restartedMain] o.s.cloud.context.scope.GenericScope     : BeanFactory id=7780d0e1-440b-382e-9730-28e581d59ff3
2022-06-06 10:22:28.584  INFO 40871 --- [restartedMain] o.s.b.w.embedded.tomcat.TomcatWebServer  : Tomcat initialized with port(s): 8080 (http)
2022-06-06 10:22:28.585  INFO 40871 --- [restartedMain] o.apache.catalina.core.StandardService   : Starting service [Tomcat]
2022-06-06 10:22:28.585  INFO 40871 --- [restartedMain] org.apache.catalina.core.StandardEngine  : Starting Servlet engine: [Apache Tomcat/9.0.63]
2022-06-06 10:22:28.601  INFO 40871 --- [restartedMain] o.a.c.c.C.[Tomcat].[localhost].[/]       : Initializing Spring embedded WebApplicationContext
2022-06-06 10:22:28.601  INFO 40871 --- [restartedMain] w.s.c.ServletWebServerApplicationContext : Root WebApplicationContext: initialization completed in 328 ms
2022-06-06 10:22:28.676  INFO 40871 --- [restartedMain] o.s.b.d.a.OptionalLiveReloadServer       : LiveReload server is running on port 35729
2022-06-06 10:22:28.904  INFO 40871 --- [restartedMain] o.s.b.w.embedded.tomcat.TomcatWebServer  : Tomcat started on port(s): 8080 (http) with context path ''
2022-06-06 10:22:28.916  INFO 40871 --- [restartedMain] c.example.alfabank.AlfabankApplication   : Started AlfabankApplication in 0.7 seconds (JVM running for 186.165)
2022-06-06 10:22:28.919  INFO 40871 --- [restartedMain] .ConditionEvaluationDeltaLoggingListener : Condition evaluation unchanged
2022-06-06 10:28:45.734  INFO 42733 --- [restartedMain] c.example.alfabank.AlfabankApplication   : Starting AlfabankApplication using Java 14.0.2 on kustoff-pc with PID 42733 (/home/kustoff/projects/alfabank/build/classes/java/main started by kustoff in /home/kustoff/projects/alfabank)
2022-06-06 10:28:45.736  INFO 42733 --- [restartedMain] c.example.alfabank.AlfabankApplication   : No active profile set, falling back to 1 default profile: "default"
2022-06-06 10:28:45.784  INFO 42733 --- [restartedMain] .e.DevToolsPropertyDefaultsPostProcessor : Devtools property defaults active! Set 'spring.devtools.add-properties' to 'false' to disable
2022-06-06 10:28:45.785  INFO 42733 --- [restartedMain] .e.DevToolsPropertyDefaultsPostProcessor : For additional web related logging consider setting the 'logging.level.web' property to 'DEBUG'
2022-06-06 10:28:46.324  INFO 42733 --- [restartedMain] o.s.cloud.context.scope.GenericScope     : BeanFactory id=7780d0e1-440b-382e-9730-28e581d59ff3
2022-06-06 10:28:46.724  INFO 42733 --- [restartedMain] o.s.b.w.embedded.tomcat.TomcatWebServer  : Tomcat initialized with port(s): 8080 (http)
2022-06-06 10:28:46.731  INFO 42733 --- [restartedMain] o.apache.catalina.core.StandardService   : Starting service [Tomcat]
2022-06-06 10:28:46.731  INFO 42733 --- [restartedMain] org.apache.catalina.core.StandardEngine  : Starting Servlet engine: [Apache Tomcat/9.0.63]
2022-06-06 10:28:46.783  INFO 42733 --- [restartedMain] o.a.c.c.C.[Tomcat].[localhost].[/]       : Initializing Spring embedded WebApplicationContext
2022-06-06 10:28:46.783  INFO 42733 --- [restartedMain] w.s.c.ServletWebServerApplicationContext : Root WebApplicationContext: initialization completed in 997 ms
2022-06-06 10:28:46.898  INFO 42733 --- [restartedMain] o.s.b.d.a.OptionalLiveReloadServer       : LiveReload server is running on port 35729
2022-06-06 10:28:47.222  INFO 42733 --- [restartedMain] o.s.b.w.embedded.tomcat.TomcatWebServer  : Tomcat started on port(s): 8080 (http) with context path ''
2022-06-06 10:28:47.232  INFO 42733 --- [restartedMain] c.example.alfabank.AlfabankApplication   : Started AlfabankApplication in 1.794 seconds (JVM running for 2.486)
2022-06-06 10:28:55.486  INFO 42733 --- [http-nio-8080-exec-1] o.a.c.c.C.[Tomcat].[localhost].[/]       : Initializing Spring DispatcherServlet 'dispatcherServlet'
2022-06-06 10:33:58.803  INFO 42733 --- [http-nio-8080-exec-7] o.apache.coyote.http11.Http11Processor   : Error parsing HTTP request header
 Note: further occurrences of HTTP request parsing errors will be logged at DEBUG level.

java.lang.IllegalArgumentException: Invalid character found in method name [0x160x030x010x020x000x010x000x010xfc0x030x030x89,<R0xde0xba0xbb0xa70x920xe1m0xa60x08[Ji0xf40xb90xacG0xc3R ]. HTTP method names must be tokens
	at org.apache.coyote.http11.Http11InputBuffer.parseRequestLine(Http11InputBuffer.java:419) ~[tomcat-embed-core-9.0.63.jar:9.0.63]
	at org.apache.coyote.http11.Http11Processor.service(Http11Processor.java:271) ~[tomcat-embed-core-9.0.63.jar:9.0.63]
	at org.apache.coyote.AbstractProcessorLight.process(AbstractProcessorLight.java:65) ~[tomcat-embed-core-9.0.63.jar:9.0.63]
	at org.apache.coyote.AbstractProtocol$ConnectionHandler.process(AbstractProtocol.java:890) ~[tomcat-embed-core-9.0.63.jar:9.0.63]
	at org.apache.tomcat.util.net.NioEndpoint$SocketProcessor.doRun(NioEndpoint.java:1743) ~[tomcat-embed-core-9.0.63.jar:9.0.63]
	at org.apache.tomcat.util.net.SocketProcessorBase.run(SocketProcessorBase.java:49) ~[tomcat-embed-core-9.0.63.jar:9.0.63]
	at org.apache.tomcat.util.threads.ThreadPoolExecutor.runWorker(ThreadPoolExecutor.java:1191) ~[tomcat-embed-core-9.0.63.jar:9.0.63]
	at org.apache.tomcat.util.threads.ThreadPoolExecutor$Worker.run(ThreadPoolExecutor.java:659) ~[tomcat-embed-core-9.0.63.jar:9.0.63]
	at org.apache.tomcat.util.threads.TaskThread$WrappingRunnable.run(TaskThread.java:61) ~[tomcat-embed-core-9.0.63.jar:9.0.63]
	at java.base/java.lang.Thread.run(Thread.java:832) ~[na:na]

2022-06-06 10:35:44.266  INFO 42733 --- [restartedMain] c.example.alfabank.AlfabankApplication   : Starting AlfabankApplication using Java 14.0.2 on kustoff-pc with PID 42733 (/home/kustoff/projects/alfabank/build/classes/java/main started by kustoff in /home/kustoff/projects/alfabank)
2022-06-06 10:35:44.266  INFO 42733 --- [restartedMain] c.example.alfabank.AlfabankApplication   : No active profile set, falling back to 1 default profile: "default"
2022-06-06 10:35:44.451  INFO 42733 --- [restartedMain] o.s.cloud.context.scope.GenericScope     : BeanFactory id=7780d0e1-440b-382e-9730-28e581d59ff3
2022-06-06 10:35:44.502  INFO 42733 --- [restartedMain] o.s.b.w.embedded.tomcat.TomcatWebServer  : Tomcat initialized with port(s): 8080 (http)
2022-06-06 10:35:44.502  INFO 42733 --- [restartedMain] o.apache.catalina.core.StandardService   : Starting service [Tomcat]
2022-06-06 10:35:44.503  INFO 42733 --- [restartedMain] org.apache.catalina.core.StandardEngine  : Starting Servlet engine: [Apache Tomcat/9.0.63]
2022-06-06 10:35:44.516  INFO 42733 --- [restartedMain] o.a.c.c.C.[Tomcat].[localhost].[/]       : Initializing Spring embedded WebApplicationContext
2022-06-06 10:35:44.516  INFO 42733 --- [restartedMain] w.s.c.ServletWebServerApplicationContext : Root WebApplicationContext: initialization completed in 248 ms
2022-06-06 10:35:44.556  INFO 42733 --- [restartedMain] o.s.b.d.a.OptionalLiveReloadServer       : LiveReload server is running on port 35729
2022-06-06 10:35:44.714  INFO 42733 --- [restartedMain] o.s.b.w.embedded.tomcat.TomcatWebServer  : Tomcat started on port(s): 8080 (http) with context path ''
2022-06-06 10:35:44.720  INFO 42733 --- [restartedMain] c.example.alfabank.AlfabankApplication   : Started AlfabankApplication in 0.495 seconds (JVM running for 419.975)
2022-06-06 10:35:44.722  INFO 42733 --- [restartedMain] .ConditionEvaluationDeltaLoggingListener : Condition evaluation unchanged
2022-06-06 10:37:26.783  INFO 45027 --- [main] c.example.alfabank.AlfabankApplication   : Starting AlfabankApplication using Java 14.0.2 on kustoff-pc with PID 45027 (/home/kustoff/projects/alfabank/build/libs/alfabank-0.0.1-SNAPSHOT.jar started by kustoff in /home/kustoff/projects/alfabank)
2022-06-06 10:37:26.788  INFO 45027 --- [main] c.example.alfabank.AlfabankApplication   : No active profile set, falling back to 1 default profile: "default"
2022-06-06 10:37:27.662  INFO 45027 --- [main] o.s.cloud.context.scope.GenericScope     : BeanFactory id=25f47372-d3ee-3bf0-8477-6bd0a77ec176
2022-06-06 10:37:28.024  INFO 45027 --- [main] o.s.b.w.embedded.tomcat.TomcatWebServer  : Tomcat initialized with port(s): 8080 (http)
2022-06-06 10:37:28.058  INFO 45027 --- [main] o.apache.catalina.core.StandardService   : Starting service [Tomcat]
2022-06-06 10:37:28.059  INFO 45027 --- [main] org.apache.catalina.core.StandardEngine  : Starting Servlet engine: [Apache Tomcat/9.0.63]
2022-06-06 10:37:28.163  INFO 45027 --- [main] o.a.c.c.C.[Tomcat].[localhost].[/]       : Initializing Spring embedded WebApplicationContext
2022-06-06 10:37:28.163  INFO 45027 --- [main] w.s.c.ServletWebServerApplicationContext : Root WebApplicationContext: initialization completed in 1300 ms
2022-06-06 10:37:28.847  WARN 45027 --- [main] ConfigServletWebServerApplicationContext : Exception encountered during context initialization - cancelling refresh attempt: org.springframework.context.ApplicationContextException: Failed to start bean 'webServerStartStop'; nested exception is org.springframework.boot.web.server.WebServerException: Unable to start embedded Tomcat server
2022-06-06 10:37:28.852  INFO 45027 --- [main] o.apache.catalina.core.StandardService   : Stopping service [Tomcat]
2022-06-06 10:37:28.871  INFO 45027 --- [main] ConditionEvaluationReportLoggingListener : 

Error starting ApplicationContext. To display the conditions report re-run your application with 'debug' enabled.
2022-06-06 10:37:28.899 ERROR 45027 --- [main] o.s.boot.SpringApplication               : Application run failed

org.springframework.context.ApplicationContextException: Failed to start bean 'webServerStartStop'; nested exception is org.springframework.boot.web.server.WebServerException: Unable to start embedded Tomcat server
	at org.springframework.context.support.DefaultLifecycleProcessor.doStart(DefaultLifecycleProcessor.java:181) ~[spring-context-5.3.20.jar!/:5.3.20]
	at org.springframework.context.support.DefaultLifecycleProcessor.access$200(DefaultLifecycleProcessor.java:54) ~[spring-context-5.3.20.jar!/:5.3.20]
	at org.springframework.context.support.DefaultLifecycleProcessor$LifecycleGroup.start(DefaultLifecycleProcessor.java:356) ~[spring-context-5.3.20.jar!/:5.3.20]
	at java.base/java.lang.Iterable.forEach(Iterable.java:75) ~[na:na]
	at org.springframework.context.support.DefaultLifecycleProcessor.startBeans(DefaultLifecycleProcessor.java:155) ~[spring-context-5.3.20.jar!/:5.3.20]
	at org.springframework.context.support.DefaultLifecycleProcessor.onRefresh(DefaultLifecycleProcessor.java:123) ~[spring-context-5.3.20.jar!/:5.3.20]
	at org.springframework.context.support.AbstractApplicationContext.finishRefresh(AbstractApplicationContext.java:935) ~[spring-context-5.3.20.jar!/:5.3.20]
	at org.springframework.context.support.AbstractApplicationContext.refresh(AbstractApplicationContext.java:586) ~[spring-context-5.3.20.jar!/:5.3.20]
	at org.springframework.boot.web.servlet.context.ServletWebServerApplicationContext.refresh(ServletWebServerApplicationContext.java:147) ~[spring-boot-2.7.0.jar!/:2.7.0]
	at org.springframework.boot.SpringApplication.refresh(SpringApplication.java:734) ~[spring-boot-2.7.0.jar!/:2.7.0]
	at org.springframework.boot.SpringApplication.refreshContext(SpringApplication.java:408) ~[spring-boot-2.7.0.jar!/:2.7.0]
	at org.springframework.boot.SpringApplication.run(SpringApplication.java:308) ~[spring-boot-2.7.0.jar!/:2.7.0]
	at org.springframework.boot.SpringApplication.run(SpringApplication.java:1306) ~[spring-boot-2.7.0.jar!/:2.7.0]
	at org.springframework.boot.SpringApplication.run(SpringApplication.java:1295) ~[spring-boot-2.7.0.jar!/:2.7.0]
	at com.example.alfabank.AlfabankApplication.main(AlfabankApplication.java:12) ~[classes!/:na]
	at java.base/jdk.internal.reflect.NativeMethodAccessorImpl.invoke0(Native Method) ~[na:na]
	at java.base/jdk.internal.reflect.NativeMethodAccessorImpl.invoke(NativeMethodAccessorImpl.java:62) ~[na:na]
	at java.base/jdk.internal.reflect.DelegatingMethodAccessorImpl.invoke(DelegatingMethodAccessorImpl.java:43) ~[na:na]
	at java.base/java.lang.reflect.Method.invoke(Method.java:564) ~[na:na]
	at org.springframework.boot.loader.MainMethodRunner.run(MainMethodRunner.java:49) ~[alfabank-0.0.1-SNAPSHOT.jar:na]
	at org.springframework.boot.loader.Launcher.launch(Launcher.java:108) ~[alfabank-0.0.1-SNAPSHOT.jar:na]
	at org.springframework.boot.loader.Launcher.launch(Launcher.java:58) ~[alfabank-0.0.1-SNAPSHOT.jar:na]
	at org.springframework.boot.loader.JarLauncher.main(JarLauncher.java:65) ~[alfabank-0.0.1-SNAPSHOT.jar:na]
Caused by: org.springframework.boot.web.server.WebServerException: Unable to start embedded Tomcat server
	at org.springframework.boot.web.embedded.tomcat.TomcatWebServer.start(TomcatWebServer.java:229) ~[spring-boot-2.7.0.jar!/:2.7.0]
	at org.springframework.boot.web.servlet.context.WebServerStartStopLifecycle.start(WebServerStartStopLifecycle.java:43) ~[spring-boot-2.7.0.jar!/:2.7.0]
	at org.springframework.context.support.DefaultLifecycleProcessor.doStart(DefaultLifecycleProcessor.java:178) ~[spring-context-5.3.20.jar!/:5.3.20]
	... 22 common frames omitted
Caused by: java.lang.IllegalArgumentException: standardService.connector.startFailed
	at org.apache.catalina.core.StandardService.addConnector(StandardService.java:238) ~[tomcat-embed-core-9.0.63.jar!/:na]
	at org.springframework.boot.web.embedded.tomcat.TomcatWebServer.addPreviouslyRemovedConnectors(TomcatWebServer.java:282) ~[spring-boot-2.7.0.jar!/:2.7.0]
	at org.springframework.boot.web.embedded.tomcat.TomcatWebServer.start(TomcatWebServer.java:213) ~[spring-boot-2.7.0.jar!/:2.7.0]
	... 24 common frames omitted
Caused by: org.apache.catalina.LifecycleException: Protocol handler start failed
	at org.apache.catalina.connector.Connector.startInternal(Connector.java:1075) ~[tomcat-embed-core-9.0.63.jar!/:na]
	at org.apache.catalina.util.LifecycleBase.start(LifecycleBase.java:183) ~[tomcat-embed-core-9.0.63.jar!/:na]
	at org.apache.catalina.core.StandardService.addConnector(StandardService.java:234) ~[tomcat-embed-core-9.0.63.jar!/:na]
	... 26 common frames omitted
Caused by: java.net.BindException: Адрес уже используется
	at java.base/sun.nio.ch.Net.bind0(Native Method) ~[na:na]
	at java.base/sun.nio.ch.Net.bind(Net.java:479) ~[na:na]
	at java.base/sun.nio.ch.Net.bind(Net.java:468) ~[na:na]
	at java.base/sun.nio.ch.ServerSocketChannelImpl.bind(ServerSocketChannelImpl.java:220) ~[na:na]
	at org.apache.tomcat.util.net.NioEndpoint.initServerSocket(NioEndpoint.java:274) ~[tomcat-embed-core-9.0.63.jar!/:na]
	at org.apache.tomcat.util.net.NioEndpoint.bind(NioEndpoint.java:229) ~[tomcat-embed-core-9.0.63.jar!/:na]
	at org.apache.tomcat.util.net.AbstractEndpoint.bindWithCleanup(AbstractEndpoint.java:1227) ~[tomcat-embed-core-9.0.63.jar!/:na]
	at org.apache.tomcat.util.net.AbstractEndpoint.start(AbstractEndpoint.java:1313) ~[tomcat-embed-core-9.0.63.jar!/:na]
	at org.apache.coyote.AbstractProtocol.start(AbstractProtocol.java:614) ~[tomcat-embed-core-9.0.63.jar!/:na]
	at org.apache.catalina.connector.Connector.startInternal(Connector.java:1072) ~[tomcat-embed-core-9.0.63.jar!/:na]
	... 28 common frames omitted

2022-06-06 10:38:54.802  INFO 45184 --- [main] c.example.alfabank.AlfabankApplication   : Starting AlfabankApplication using Java 14.0.2 on kustoff-pc with PID 45184 (/home/kustoff/projects/alfabank/build/libs/alfabank-0.0.1-SNAPSHOT.jar started by kustoff in /home/kustoff/projects/alfabank)
2022-06-06 10:38:54.808  INFO 45184 --- [main] c.example.alfabank.AlfabankApplication   : No active profile set, falling back to 1 default profile: "default"
2022-06-06 10:38:55.729  INFO 45184 --- [main] o.s.cloud.context.scope.GenericScope     : BeanFactory id=25f47372-d3ee-3bf0-8477-6bd0a77ec176
2022-06-06 10:38:56.396  INFO 45184 --- [main] o.s.b.w.embedded.tomcat.TomcatWebServer  : Tomcat initialized with port(s): 8080 (http)
2022-06-06 10:38:56.412  INFO 45184 --- [main] o.apache.catalina.core.StandardService   : Starting service [Tomcat]
2022-06-06 10:38:56.412  INFO 45184 --- [main] org.apache.catalina.core.StandardEngine  : Starting Servlet engine: [Apache Tomcat/9.0.63]
2022-06-06 10:38:56.524  INFO 45184 --- [main] o.a.c.c.C.[Tomcat].[localhost].[/]       : Initializing Spring embedded WebApplicationContext
2022-06-06 10:38:56.526  INFO 45184 --- [main] w.s.c.ServletWebServerApplicationContext : Root WebApplicationContext: initialization completed in 1647 ms
2022-06-06 10:38:57.449  INFO 45184 --- [main] o.s.b.w.embedded.tomcat.TomcatWebServer  : Tomcat started on port(s): 8080 (http) with context path ''
2022-06-06 10:38:57.466  INFO 45184 --- [main] c.example.alfabank.AlfabankApplication   : Started AlfabankApplication in 3.311 seconds (JVM running for 3.84)
2022-06-06 10:39:10.591  INFO 45184 --- [http-nio-8080-exec-1] o.a.c.c.C.[Tomcat].[localhost].[/]       : Initializing Spring DispatcherServlet 'dispatcherServlet'
2022-06-06 11:41:27.028  INFO 104220 --- [restartedMain] c.example.alfabank.AlfabankApplication   : Starting AlfabankApplication using Java 14.0.2 on kustoff-pc with PID 104220 (/home/kustoff/projects/alfabank/build/classes/java/main started by kustoff in /home/kustoff/projects/alfabank)
2022-06-06 11:41:27.029  INFO 104220 --- [restartedMain] c.example.alfabank.AlfabankApplication   : No active profile set, falling back to 1 default profile: "default"
2022-06-06 11:41:27.099  INFO 104220 --- [restartedMain] .e.DevToolsPropertyDefaultsPostProcessor : Devtools property defaults active! Set 'spring.devtools.add-properties' to 'false' to disable
2022-06-06 11:41:27.099  INFO 104220 --- [restartedMain] .e.DevToolsPropertyDefaultsPostProcessor : For additional web related logging consider setting the 'logging.level.web' property to 'DEBUG'
2022-06-06 11:41:27.660  INFO 104220 --- [restartedMain] o.s.cloud.context.scope.GenericScope     : BeanFactory id=7780d0e1-440b-382e-9730-28e581d59ff3
2022-06-06 11:41:28.347  INFO 104220 --- [restartedMain] o.s.b.w.embedded.tomcat.TomcatWebServer  : Tomcat initialized with port(s): 8080 (http)
2022-06-06 11:41:28.358  INFO 104220 --- [restartedMain] o.apache.catalina.core.StandardService   : Starting service [Tomcat]
2022-06-06 11:41:28.358  INFO 104220 --- [restartedMain] org.apache.catalina.core.StandardEngine  : Starting Servlet engine: [Apache Tomcat/9.0.63]
2022-06-06 11:41:28.431  INFO 104220 --- [restartedMain] o.a.c.c.C.[Tomcat].[localhost].[/]       : Initializing Spring embedded WebApplicationContext
2022-06-06 11:41:28.431  INFO 104220 --- [restartedMain] w.s.c.ServletWebServerApplicationContext : Root WebApplicationContext: initialization completed in 1331 ms
2022-06-06 11:41:28.588  INFO 104220 --- [restartedMain] o.s.b.d.a.OptionalLiveReloadServer       : LiveReload server is running on port 35729
2022-06-06 11:41:28.928  INFO 104220 --- [restartedMain] o.s.b.w.embedded.tomcat.TomcatWebServer  : Tomcat started on port(s): 8080 (http) with context path ''
2022-06-06 11:41:28.939  INFO 104220 --- [restartedMain] c.example.alfabank.AlfabankApplication   : Started AlfabankApplication in 2.566 seconds (JVM running for 3.709)
2022-06-06 12:04:26.423  INFO 108940 --- [restartedMain] c.example.alfabank.AlfabankApplication   : Starting AlfabankApplication using Java 14.0.2 on kustoff-pc with PID 108940 (/home/kustoff/projects/alfabank/build/classes/java/main started by kustoff in /home/kustoff/projects/alfabank)
2022-06-06 12:04:26.424  INFO 108940 --- [restartedMain] c.example.alfabank.AlfabankApplication   : No active profile set, falling back to 1 default profile: "default"
2022-06-06 12:04:26.471  INFO 108940 --- [restartedMain] .e.DevToolsPropertyDefaultsPostProcessor : Devtools property defaults active! Set 'spring.devtools.add-properties' to 'false' to disable
2022-06-06 12:04:26.471  INFO 108940 --- [restartedMain] .e.DevToolsPropertyDefaultsPostProcessor : For additional web related logging consider setting the 'logging.level.web' property to 'DEBUG'
2022-06-06 12:04:27.033  INFO 108940 --- [restartedMain] o.s.cloud.context.scope.GenericScope     : BeanFactory id=7780d0e1-440b-382e-9730-28e581d59ff3
2022-06-06 12:04:27.454  INFO 108940 --- [restartedMain] o.s.b.w.embedded.tomcat.TomcatWebServer  : Tomcat initialized with port(s): 8080 (http)
2022-06-06 12:04:27.461  INFO 108940 --- [restartedMain] o.apache.catalina.core.StandardService   : Starting service [Tomcat]
2022-06-06 12:04:27.462  INFO 108940 --- [restartedMain] org.apache.catalina.core.StandardEngine  : Starting Servlet engine: [Apache Tomcat/9.0.63]
2022-06-06 12:04:27.517  INFO 108940 --- [restartedMain] o.a.c.c.C.[Tomcat].[localhost].[/]       : Initializing Spring embedded WebApplicationContext
2022-06-06 12:04:27.517  INFO 108940 --- [restartedMain] w.s.c.ServletWebServerApplicationContext : Root WebApplicationContext: initialization completed in 1045 ms
2022-06-06 12:04:27.670  INFO 108940 --- [restartedMain] o.s.b.d.a.OptionalLiveReloadServer       : LiveReload server is running on port 35729
2022-06-06 12:04:28.032  INFO 108940 --- [restartedMain] o.s.b.w.embedded.tomcat.TomcatWebServer  : Tomcat started on port(s): 8080 (http) with context path ''
2022-06-06 12:04:28.042  INFO 108940 --- [restartedMain] c.example.alfabank.AlfabankApplication   : Started AlfabankApplication in 1.944 seconds (JVM running for 2.543)
2022-06-06 12:04:41.738  INFO 108940 --- [http-nio-8080-exec-1] o.a.c.c.C.[Tomcat].[localhost].[/]       : Initializing Spring DispatcherServlet 'dispatcherServlet'
2022-06-06 12:09:28.839  INFO 109809 --- [restartedMain] c.example.alfabank.AlfabankApplication   : Starting AlfabankApplication using Java 14.0.2 on kustoff-pc with PID 109809 (/home/kustoff/projects/alfabank/build/classes/java/main started by kustoff in /home/kustoff/projects/alfabank)
2022-06-06 12:09:28.840  INFO 109809 --- [restartedMain] c.example.alfabank.AlfabankApplication   : No active profile set, falling back to 1 default profile: "default"
2022-06-06 12:09:28.876  INFO 109809 --- [restartedMain] .e.DevToolsPropertyDefaultsPostProcessor : Devtools property defaults active! Set 'spring.devtools.add-properties' to 'false' to disable
2022-06-06 12:09:28.877  INFO 109809 --- [restartedMain] .e.DevToolsPropertyDefaultsPostProcessor : For additional web related logging consider setting the 'logging.level.web' property to 'DEBUG'
2022-06-06 12:09:29.437  INFO 109809 --- [restartedMain] o.s.cloud.context.scope.GenericScope     : BeanFactory id=7780d0e1-440b-382e-9730-28e581d59ff3
2022-06-06 12:09:29.869  INFO 109809 --- [restartedMain] o.s.b.w.embedded.tomcat.TomcatWebServer  : Tomcat initialized with port(s): 8080 (http)
2022-06-06 12:09:29.875  INFO 109809 --- [restartedMain] o.apache.catalina.core.StandardService   : Starting service [Tomcat]
2022-06-06 12:09:29.875  INFO 109809 --- [restartedMain] org.apache.catalina.core.StandardEngine  : Starting Servlet engine: [Apache Tomcat/9.0.63]
2022-06-06 12:09:29.927  INFO 109809 --- [restartedMain] o.a.c.c.C.[Tomcat].[localhost].[/]       : Initializing Spring embedded WebApplicationContext
2022-06-06 12:09:29.927  INFO 109809 --- [restartedMain] w.s.c.ServletWebServerApplicationContext : Root WebApplicationContext: initialization completed in 1049 ms
2022-06-06 12:09:30.057  INFO 109809 --- [restartedMain] o.s.b.d.a.OptionalLiveReloadServer       : LiveReload server is running on port 35729
2022-06-06 12:09:30.430  INFO 109809 --- [restartedMain] o.s.b.w.embedded.tomcat.TomcatWebServer  : Tomcat started on port(s): 8080 (http) with context path ''
2022-06-06 12:09:30.440  INFO 109809 --- [restartedMain] c.example.alfabank.AlfabankApplication   : Started AlfabankApplication in 1.94 seconds (JVM running for 2.551)
2022-06-06 12:09:34.422  INFO 109809 --- [http-nio-8080-exec-1] o.a.c.c.C.[Tomcat].[localhost].[/]       : Initializing Spring DispatcherServlet 'dispatcherServlet'
2022-06-06 12:11:00.014  INFO 110097 --- [restartedMain] c.example.alfabank.AlfabankApplication   : Starting AlfabankApplication using Java 14.0.2 on kustoff-pc with PID 110097 (/home/kustoff/projects/alfabank/build/classes/java/main started by kustoff in /home/kustoff/projects/alfabank)
2022-06-06 12:11:00.015  INFO 110097 --- [restartedMain] c.example.alfabank.AlfabankApplication   : No active profile set, falling back to 1 default profile: "default"
2022-06-06 12:11:00.146  INFO 110097 --- [restartedMain] .e.DevToolsPropertyDefaultsPostProcessor : Devtools property defaults active! Set 'spring.devtools.add-properties' to 'false' to disable
2022-06-06 12:11:00.147  INFO 110097 --- [restartedMain] .e.DevToolsPropertyDefaultsPostProcessor : For additional web related logging consider setting the 'logging.level.web' property to 'DEBUG'
2022-06-06 12:11:00.783  INFO 110097 --- [restartedMain] o.s.cloud.context.scope.GenericScope     : BeanFactory id=2efee9eb-1d0a-3d9d-8a9a-133fb352f929
2022-06-06 12:11:01.206  INFO 110097 --- [restartedMain] o.s.b.w.embedded.tomcat.TomcatWebServer  : Tomcat initialized with port(s): 8080 (http)
2022-06-06 12:11:01.212  INFO 110097 --- [restartedMain] o.apache.catalina.core.StandardService   : Starting service [Tomcat]
2022-06-06 12:11:01.212  INFO 110097 --- [restartedMain] org.apache.catalina.core.StandardEngine  : Starting Servlet engine: [Apache Tomcat/9.0.63]
2022-06-06 12:11:01.274  INFO 110097 --- [restartedMain] o.a.c.c.C.[Tomcat].[localhost].[/]       : Initializing Spring embedded WebApplicationContext
2022-06-06 12:11:01.275  INFO 110097 --- [restartedMain] w.s.c.ServletWebServerApplicationContext : Root WebApplicationContext: initialization completed in 1126 ms
2022-06-06 12:11:01.394  INFO 110097 --- [restartedMain] o.s.b.d.a.OptionalLiveReloadServer       : LiveReload server is running on port 35729
2022-06-06 12:11:01.820  INFO 110097 --- [restartedMain] o.s.b.w.embedded.tomcat.TomcatWebServer  : Tomcat started on port(s): 8080 (http) with context path ''
2022-06-06 12:11:01.832  INFO 110097 --- [restartedMain] c.example.alfabank.AlfabankApplication   : Started AlfabankApplication in 2.338 seconds (JVM running for 2.934)
2022-06-06 12:11:58.731  INFO 110097 --- [restartedMain] c.example.alfabank.AlfabankApplication   : Starting AlfabankApplication using Java 14.0.2 on kustoff-pc with PID 110097 (/home/kustoff/projects/alfabank/build/classes/java/main started by kustoff in /home/kustoff/projects/alfabank)
2022-06-06 12:11:58.732  INFO 110097 --- [restartedMain] c.example.alfabank.AlfabankApplication   : No active profile set, falling back to 1 default profile: "default"
2022-06-06 12:11:58.949  INFO 110097 --- [restartedMain] o.s.cloud.context.scope.GenericScope     : BeanFactory id=2efee9eb-1d0a-3d9d-8a9a-133fb352f929
2022-06-06 12:11:59.022  INFO 110097 --- [restartedMain] o.s.b.w.embedded.tomcat.TomcatWebServer  : Tomcat initialized with port(s): 8080 (http)
2022-06-06 12:11:59.025  INFO 110097 --- [restartedMain] o.apache.catalina.core.StandardService   : Starting service [Tomcat]
2022-06-06 12:11:59.026  INFO 110097 --- [restartedMain] org.apache.catalina.core.StandardEngine  : Starting Servlet engine: [Apache Tomcat/9.0.63]
2022-06-06 12:11:59.055  INFO 110097 --- [restartedMain] o.a.c.c.C.[Tomcat].[localhost].[/]       : Initializing Spring embedded WebApplicationContext
2022-06-06 12:11:59.055  INFO 110097 --- [restartedMain] w.s.c.ServletWebServerApplicationContext : Root WebApplicationContext: initialization completed in 319 ms
2022-06-06 12:11:59.122  INFO 110097 --- [restartedMain] o.s.b.d.a.OptionalLiveReloadServer       : LiveReload server is running on port 35729
2022-06-06 12:11:59.384  INFO 110097 --- [restartedMain] o.s.b.w.embedded.tomcat.TomcatWebServer  : Tomcat started on port(s): 8080 (http) with context path ''
2022-06-06 12:11:59.394  INFO 110097 --- [restartedMain] c.example.alfabank.AlfabankApplication   : Started AlfabankApplication in 0.706 seconds (JVM running for 60.496)
2022-06-06 12:11:59.396  INFO 110097 --- [restartedMain] .ConditionEvaluationDeltaLoggingListener : Condition evaluation unchanged
